::1 - - [17/Oct/2018:18:15:38 +0000] "GET / HTTP/1.1" 304 -
::1 - - [17/Oct/2018:18:15:39 +0000] "GET / HTTP/1.1" 304 -
::1 - - [17/Oct/2018:18:15:51 +0000] "POST /autenticar HTTP/1.1" 200 1696
::1 - - [17/Oct/2018:18:16:07 +0000] "POST /autenticar HTTP/1.1" 302 52
::1 - - [17/Oct/2018:18:16:07 +0000] "GET /jogo HTTP/1.1" 200 2432
::1 - - [17/Oct/2018:18:28:39 +0000] "GET /jogo HTTP/1.1" 200 30
::1 - - [17/Oct/2018:18:28:40 +0000] "GET /jogo HTTP/1.1" 304 -
::1 - - [17/Oct/2018:18:28:41 +0000] "GET /jogo HTTP/1.1" 304 -
::1 - - [17/Oct/2018:18:28:43 +0000] "GET / HTTP/1.1" 304 -
::1 - - [17/Oct/2018:18:28:44 +0000] "GET / HTTP/1.1" 304 -
::ffff:172.31.80.28 - - [17/Oct/2018:19:42:02 +0000] "GET / HTTP/1.1" 200 1463
::1 - - [18/Oct/2018:10:12:34 +0000] "GET / HTTP/1.1" 304 -
::1 - - [18/Oct/2018:10:12:34 +0000] "GET /favicon.ico HTTP/1.1" 404 150
::1 - - [18/Oct/2018:10:12:41 +0000] "POST /autenticar HTTP/1.1" 302 52
::1 - - [18/Oct/2018:10:12:41 +0000] "GET /jogo HTTP/1.1" 200 2432
::1 - - [18/Oct/2018:10:14:35 +0000] "GET /jogo HTTP/1.1" 200 30
::1 - - [18/Oct/2018:10:14:38 +0000] "GET / HTTP/1.1" 304 -
::1 - - [18/Oct/2018:10:14:44 +0000] "POST /autenticar HTTP/1.1" 302 52
::1 - - [18/Oct/2018:10:14:44 +0000] "GET /jogo HTTP/1.1" 200 2606
::1 - - [18/Oct/2018:10:14:46 +0000] "GET /sair HTTP/1.1" 404 143
::1 - - [18/Oct/2018:10:14:49 +0000] "GET / HTTP/1.1" 200 2606
::1 - - [18/Oct/2018:10:15:38 +0000] "GET /sair HTTP/1.1" 200 4
::1 - - [18/Oct/2018:10:16:55 +0000] "GET / HTTP/1.1" 200 1463
::1 - - [18/Oct/2018:10:17:01 +0000] "POST /autenticar HTTP/1.1" 302 52
::1 - - [18/Oct/2018:10:17:01 +0000] "GET /jogo HTTP/1.1" 304 -
::1 - - [18/Oct/2018:10:17:06 +0000] "GET /sair HTTP/1.1" 200 1463
::1 - - [18/Oct/2018:10:17:09 +0000] "GET / HTTP/1.1" 304 -
::1 - - [18/Oct/2018:10:17:10 +0000] "GET /jogo HTTP/1.1" 200 30
::1 - - [18/Oct/2018:10:21:09 +0000] "POST /autenticar HTTP/1.1" 302 52
::1 - - [18/Oct/2018:10:21:09 +0000] "GET /jogo HTTP/1.1" 200 2604
::1 - - [18/Oct/2018:10:33:01 +0000] "GET /sair HTTP/1.1" 304 -
::1 - - [18/Oct/2018:10:33:06 +0000] "GET /cadastro HTTP/1.1" 200 4511
::1 - - [18/Oct/2018:10:33:18 +0000] "POST /cadastrar HTTP/1.1" 200 17
::1 - - [18/Oct/2018:10:34:17 +0000] "GET / HTTP/1.1" 304 -
::1 - - [18/Oct/2018:10:34:31 +0000] "GET /cadastro HTTP/1.1" 304 -
::1 - - [18/Oct/2018:10:34:41 +0000] "POST /cadastrar HTTP/1.1" 200 17
::1 - - [18/Oct/2018:10:34:48 +0000] "GET / HTTP/1.1" 304 -
::1 - - [18/Oct/2018:10:40:15 +0000] "GET / HTTP/1.1" 304 -
::1 - - [18/Oct/2018:10:40:21 +0000] "POST /autenticar HTTP/1.1" 302 52
::1 - - [18/Oct/2018:10:40:21 +0000] "GET /jogo HTTP/1.1" 304 -
::1 - - [18/Oct/2018:10:43:14 +0000] "GET /jogo HTTP/1.1" 200 2599
::1 - - [18/Oct/2018:10:43:14 +0000] "GET /images/casa_.jpg HTTP/1.1" 404 155
::1 - - [18/Oct/2018:10:43:40 +0000] "GET /sair HTTP/1.1" 304 -
::1 - - [18/Oct/2018:10:43:48 +0000] "POST /autenticar HTTP/1.1" 302 52
::1 - - [18/Oct/2018:10:43:48 +0000] "GET /jogo HTTP/1.1" 200 2604
::1 - - [18/Oct/2018:10:50:56 +0000] "GET /sair HTTP/1.1" 304 -
::1 - - [18/Oct/2018:10:51:09 +0000] "POST /autenticar HTTP/1.1" 302 52
::1 - - [18/Oct/2018:10:51:09 +0000] "GET /jogo HTTP/1.1" 200 2627
